0 info it worked if it ends with ok
1 verbose cli [ 'node', '/usr/local/bin/npm', 'run', 'coveralls' ]
2 info using npm@2.6.1
3 info using node@v0.12.0
4 verbose node symlink /usr/local/bin/node
5 verbose run-script [ 'precoveralls', 'coveralls', 'postcoveralls' ]
6 info precoveralls wikijs@0.1.0
7 info coveralls wikijs@0.1.0
8 verbose unsafe-perm in lifecycle true
9 info wikijs@0.1.0 Failed to exec coveralls script
10 verbose stack Error: wikijs@0.1.0 coveralls: `gulp coveralls`
10 verbose stack Exit status 1
10 verbose stack     at EventEmitter.<anonymous> (/usr/local/lib/node_modules/npm/lib/utils/lifecycle.js:213:16)
10 verbose stack     at EventEmitter.emit (events.js:110:17)
10 verbose stack     at ChildProcess.<anonymous> (/usr/local/lib/node_modules/npm/lib/utils/spawn.js:14:12)
10 verbose stack     at ChildProcess.emit (events.js:110:17)
10 verbose stack     at maybeClose (child_process.js:1008:16)
10 verbose stack     at Process.ChildProcess._handle.onexit (child_process.js:1080:5)
11 verbose pkgid wikijs@0.1.0
12 verbose cwd /Users/rhvanderdys/projects/wiki
13 error Darwin 14.1.0
14 error argv "node" "/usr/local/bin/npm" "run" "coveralls"
15 error node v0.12.0
16 error npm  v2.6.1
17 error code ELIFECYCLE
18 error wikijs@0.1.0 coveralls: `gulp coveralls`
18 error Exit status 1
19 error Failed at the wikijs@0.1.0 coveralls script 'gulp coveralls'.
19 error This is most likely a problem with the wikijs package,
19 error not with npm itself.
19 error Tell the author that this fails on your system:
19 error     gulp coveralls
19 error You can get their info via:
19 error     npm owner ls wikijs
19 error There is likely additional logging output above.
20 verbose exit [ 1, true ]
